<?xml version="1.0" encoding="UTF-8"?>
<testng-results ignored="0" total="4" passed="3" failed="1" skipped="0">
  <reporter-output>
  </reporter-output>
  <suite started-at="2022-08-27T12:42:07 IST" name="Suite" finished-at="2022-08-27T12:42:24 IST" duration-ms="16763">
    <groups>
    </groups>
    <test started-at="2022-08-27T12:42:07 IST" name="Dummy" finished-at="2022-08-27T12:42:07 IST" duration-ms="26">
    </test> <!-- Dummy -->
    <test started-at="2022-08-27T12:42:07 IST" name="Title Validation" finished-at="2022-08-27T12:42:20 IST" duration-ms="12642">
      <class name="Academy.E2EProject.validateTitle">
        <test-method is-config="true" signature="initialize()[pri:0, instance:Academy.E2EProject.validateTitle@3b809711]" started-at="2022-08-27T12:42:07 IST" name="initialize" finished-at="2022-08-27T12:42:17 IST" duration-ms="10069" status="PASS">
          <reporter-output>
          </reporter-output>
        </test-method> <!-- initialize -->
        <test-method signature="landPageCourseTitle()[pri:0, instance:Academy.E2EProject.validateTitle@3b809711]" started-at="2022-08-27T12:42:17 IST" name="landPageCourseTitle" finished-at="2022-08-27T12:42:17 IST" duration-ms="218" status="FAIL">
          <exception class="java.lang.AssertionError">
            <message>
              <![CDATA[expected [FEATURED COURSES123] but found [FEATURED COURSES]]]>
            </message>
            <full-stacktrace>
              <![CDATA[java.lang.AssertionError: expected [FEATURED COURSES123] but found [FEATURED COURSES]
at org.testng.Assert.fail(Assert.java:110)
at org.testng.Assert.failNotEquals(Assert.java:1413)
at org.testng.Assert.assertEqualsImpl(Assert.java:149)
at org.testng.Assert.assertEquals(Assert.java:131)
at org.testng.Assert.assertEquals(Assert.java:655)
at org.testng.Assert.assertEquals(Assert.java:665)
at Academy.E2EProject.validateTitle.landPageCourseTitle(validateTitle.java:39)
at java.base/jdk.internal.reflect.NativeMethodAccessorImpl.invoke0(Native Method)
at java.base/jdk.internal.reflect.NativeMethodAccessorImpl.invoke(NativeMethodAccessorImpl.java:77)
at java.base/jdk.internal.reflect.DelegatingMethodAccessorImpl.invoke(DelegatingMethodAccessorImpl.java:43)
at java.base/java.lang.reflect.Method.invoke(Method.java:568)
at org.testng.internal.invokers.MethodInvocationHelper.invokeMethod(MethodInvocationHelper.java:139)
at org.testng.internal.invokers.TestInvoker.invokeMethod(TestInvoker.java:677)
at org.testng.internal.invokers.TestInvoker.invokeTestMethod(TestInvoker.java:221)
at org.testng.internal.invokers.MethodRunner.runInSequence(MethodRunner.java:50)
at org.testng.internal.invokers.TestInvoker$MethodInvocationAgent.invoke(TestInvoker.java:962)
at org.testng.internal.invokers.TestInvoker.invokeTestMethods(TestInvoker.java:194)
at org.testng.internal.invokers.TestMethodWorker.invokeTestMethods(TestMethodWorker.java:148)
at org.testng.internal.invokers.TestMethodWorker.run(TestMethodWorker.java:128)
at java.base/java.util.ArrayList.forEach(ArrayList.java:1511)
at org.testng.TestRunner.privateRun(TestRunner.java:806)
at org.testng.TestRunner.run(TestRunner.java:601)
at org.testng.SuiteRunner.runTest(SuiteRunner.java:433)
at org.testng.SuiteRunner$SuiteWorker.run(SuiteRunner.java:471)
at org.testng.internal.thread.ThreadUtil.lambda$execute$0(ThreadUtil.java:58)
at java.base/java.util.concurrent.FutureTask.run(FutureTask.java:264)
at java.base/java.util.concurrent.ThreadPoolExecutor.runWorker(ThreadPoolExecutor.java:1136)
at java.base/java.util.concurrent.ThreadPoolExecutor$Worker.run(ThreadPoolExecutor.java:635)
at java.base/java.lang.Thread.run(Thread.java:833)
]]>
            </full-stacktrace>
          </exception> <!-- java.lang.AssertionError -->
          <reporter-output>
          </reporter-output>
        </test-method> <!-- landPageCourseTitle -->
        <test-method is-config="true" signature="teardown()[pri:0, instance:Academy.E2EProject.validateTitle@3b809711]" started-at="2022-08-27T12:42:19 IST" name="teardown" finished-at="2022-08-27T12:42:20 IST" duration-ms="631" status="PASS">
          <reporter-output>
          </reporter-output>
        </test-method> <!-- teardown -->
      </class> <!-- Academy.E2EProject.validateTitle -->
    </test> <!-- Title Validation -->
    <test started-at="2022-08-27T12:42:07 IST" name="Navigation Bar Validation" finished-at="2022-08-27T12:42:20 IST" duration-ms="13043">
      <class name="Academy.E2EProject.validateNavigationBar">
        <test-method is-config="true" signature="initialize()[pri:0, instance:Academy.E2EProject.validateNavigationBar@1e34c607]" started-at="2022-08-27T12:42:07 IST" name="initialize" finished-at="2022-08-27T12:42:18 IST" duration-ms="11015" status="PASS">
          <reporter-output>
          </reporter-output>
        </test-method> <!-- initialize -->
        <test-method signature="landPageNavBar()[pri:0, instance:Academy.E2EProject.validateNavigationBar@1e34c607]" started-at="2022-08-27T12:42:18 IST" name="landPageNavBar" finished-at="2022-08-27T12:42:19 IST" duration-ms="321" status="PASS">
          <reporter-output>
          </reporter-output>
        </test-method> <!-- landPageNavBar -->
        <test-method is-config="true" signature="teardown()[pri:0, instance:Academy.E2EProject.validateNavigationBar@1e34c607]" started-at="2022-08-27T12:42:19 IST" name="teardown" finished-at="2022-08-27T12:42:20 IST" duration-ms="1678" status="PASS">
          <reporter-output>
          </reporter-output>
        </test-method> <!-- teardown -->
      </class> <!-- Academy.E2EProject.validateNavigationBar -->
    </test> <!-- Navigation Bar Validation -->
    <test started-at="2022-08-27T12:42:07 IST" name="User Validation" finished-at="2022-08-27T12:42:24 IST" duration-ms="16755">
      <class name="Academy.E2EProject.baseNavigation">
        <test-method is-config="true" signature="initialize()[pri:0, instance:Academy.E2EProject.baseNavigation@405325cf]" started-at="2022-08-27T12:42:07 IST" name="initialize" finished-at="2022-08-27T12:42:11 IST" duration-ms="4082" status="PASS">
          <reporter-output>
          </reporter-output>
        </test-method> <!-- initialize -->
        <test-method signature="login(java.lang.String,java.lang.String,java.lang.String)[pri:0, instance:Academy.E2EProject.baseNavigation@405325cf]" started-at="2022-08-27T12:42:11 IST" name="login" data-provider="getData" finished-at="2022-08-27T12:42:21 IST" duration-ms="9442" status="PASS">
          <params>
            <param index="0">
              <value>
                <![CDATA[gooduser@abc.com]]>
              </value>
            </param>
            <param index="1">
              <value>
                <![CDATA[123456]]>
              </value>
            </param>
            <param index="2">
              <value>
                <![CDATA[gooduser]]>
              </value>
            </param>
          </params>
          <reporter-output>
          </reporter-output>
        </test-method> <!-- login -->
        <test-method signature="login(java.lang.String,java.lang.String,java.lang.String)[pri:0, instance:Academy.E2EProject.baseNavigation@405325cf]" started-at="2022-08-27T12:42:21 IST" name="login" data-provider="getData" finished-at="2022-08-27T12:42:24 IST" duration-ms="3015" status="PASS">
          <params>
            <param index="0">
              <value>
                <![CDATA[baduser@abc.com]]>
              </value>
            </param>
            <param index="1">
              <value>
                <![CDATA[123456]]>
              </value>
            </param>
            <param index="2">
              <value>
                <![CDATA[baduser]]>
              </value>
            </param>
          </params>
          <reporter-output>
          </reporter-output>
        </test-method> <!-- login -->
        <test-method is-config="true" signature="teardown()[pri:0, instance:Academy.E2EProject.baseNavigation@405325cf]" started-at="2022-08-27T12:42:24 IST" name="teardown" finished-at="2022-08-27T12:42:24 IST" duration-ms="123" status="PASS">
          <reporter-output>
          </reporter-output>
        </test-method> <!-- teardown -->
      </class> <!-- Academy.E2EProject.baseNavigation -->
    </test> <!-- User Validation -->
  </suite> <!-- Suite -->
</testng-results>
